Step: build-step-credential-initializer-cklgk:

{"level":"warn","ts":1553528655.0740683,"logger":"fallback-logger","caller":"logging/config.go:65","msg":"Fetch GitHub commit ID from kodata failed: \"ref: refs/heads/backport-container-name-fix\" is not a valid GitHub commit ID"}
{"level":"info","ts":1553528655.0747721,"logger":"fallback-logger","caller":"creds-init/main.go:40","msg":"Credentials initialized."}
Step: build-step-git-source-cb-kubecd-environment-jstrachan-t3-stagin:

{"level":"warn","ts":1553528656.3484426,"logger":"fallback-logger","caller":"logging/config.go:65","msg":"Fetch GitHub commit ID from kodata failed: \"ref: refs/heads/backport-container-name-fix\" is not a valid GitHub commit ID"}
{"level":"info","ts":1553528657.4215312,"logger":"fallback-logger","caller":"git-init/main.go:99","msg":"Successfully cloned \"https://github.com/cb-kubecd/environment-jstrachan-t3-staging\" @ \"v0.0.3\" in path \"/workspace/source\""}
Step: build-step-place-tools:

Step: build-step-setup-jx-git-credentials:

Warning failed to load version: failed to parse version -dev+f4fe81a: No Major.Minor.Patch elements found
Generated Git credentials file /workspace/xdg_config/git/credentials
Step: build-step-build-helm-apply:

Modified file /workspace/source/env/Chart.yaml to set the chart to version 6
No $CHART_REPOSITORY defined so using the default value of: http://jenkins-x-chartmuseum:8080
Adding missing Helm repo: jenkins-x http://chartmuseum.jenkins-x.io
Successfully added Helm repository jenkins-x.
Adding missing Helm repo: releases http://jenkins-x-chartmuseum:8080
Successfully added Helm repository releases.
Applying helm chart at . as release name jx to namespace jx-staging
Ignoring templates/.gitignore
Wrote chart values.yaml values.yaml generated from directory tree
Using values files: values.yaml
Applying chart overridesApplying generated chart . YAML via kubectl in dir: /tmp/helm-template-workdir-394646269/jx/output
role.rbac.authorization.k8s.io/cleanup configured
rolebinding.rbac.authorization.k8s.io/cleanup configured
serviceaccount/cleanup configured
deployment.extensions/jx-demo272 configured
release.jenkins.io/demo272-0.0.19 created
service/demo272 configured
configmap/exposecontroller configured
role.rbac.authorization.k8s.io/expose configured
rolebinding.rbac.authorization.k8s.io/expose configured
serviceaccount/expose configured
Applying Helm hook post-upgrade YAML via kubectl in file: /tmp/helm-template-workdir-394646269/jx/helmHooks/env/charts/expose/templates/job.yaml
job.batch/expose created
Waiting for helm post-upgrade hook Job expose to complete before removing it
Deleting helm hook sources from file: /tmp/helm-template-workdir-394646269/jx/helmHooks/env/charts/expose/templates/job.yaml
job.batch "expose" deleted
Removing Kubernetes resources from older releases using selector: jenkins.io/chart-release=jx,jenkins.io/version!=6 from all pvc configmap release sa role rolebinding secret
release.jenkins.io "demo272-0.0.18" deleted
Removing Kubernetes resources from older releases using selector: jenkins.io/chart-release=jx,jenkins.io/version!=6,jenkins.io/namespace=jx-staging from clusterrole clusterrolebinding
